[23:08:38] [DEBUG] Loading API from .\ScriptHookVDotNet2.dll ...
[23:08:38] [DEBUG] Loading API from .\ScriptHookVDotNet3.dll ...
[23:08:38] [DEBUG] Loading scripts from C:\Program Files\Rockstar Games\Grand Theft Auto V\scripts ...
[23:08:38] [DEBUG] Loading assembly ActivityGhosts.dll ...
[23:08:38] [INFO] Found 1 script(s) in ActivityGhosts.dll resolved to API 3.1.0.
[23:08:38] [DEBUG] Loading assembly BicycleCity.dll ...
[23:08:38] [INFO] Found 1 script(s) in BicycleCity.dll resolved to API 3.1.0.
[23:08:38] [DEBUG] Loading assembly Fit.dll ...
[23:08:38] [INFO] Found 0 script(s) in Fit.dll.
[23:08:38] [DEBUG] Loading assembly GTBikeV.dll ...
[23:08:39] [INFO] Found 1 script(s) in GTBikeV.dll resolved to API 3.1.0.
[23:08:39] [DEBUG] Loading assembly NativeUI.dll ...
[23:08:39] [INFO] Found 1 script(s) in NativeUI.dll resolved to API 2.10.14.
[23:08:39] [DEBUG] Loading assembly Newtonsoft.Json.dll ...
[23:08:39] [INFO] Found 0 script(s) in Newtonsoft.Json.dll.
[23:08:39] [DEBUG] Loading assembly Seatbelt Menu.dll ...
[23:08:39] [INFO] Found 1 script(s) in Seatbelt Menu.dll resolved to API 2.10.14.
[23:08:39] [DEBUG] Instantiating script ActivityGhosts.ActivityGhosts ...
[23:08:41] [INFO] Started script ActivityGhosts.ActivityGhosts.
[23:08:41] [DEBUG] Instantiating script BicycleCity.BicycleCity ...
[23:08:41] [INFO] Started script BicycleCity.BicycleCity.
[23:08:41] [DEBUG] Instantiating script GTBikeV.Cyclist ...
[23:08:42] [INFO] Started script GTBikeV.Cyclist.
[23:08:42] [DEBUG] Instantiating script NativeUI.BigMessageThread ...
[23:08:42] [INFO] Started script NativeUI.BigMessageThread.
[23:08:42] [DEBUG] Instantiating script SeatbeltMenu ...
[23:08:42] [INFO] Started script SeatbeltMenu.
